<?xml version="1.0" encoding="UTF-8"?>
<testng-results ignored="0" total="1" passed="1" failed="0" skipped="0">
  <reporter-output>
  </reporter-output>
  <suite started-at="2023-07-28T09:08:38Z" name="Default suite" finished-at="2023-07-28T09:08:43Z" duration-ms="5666">
    <groups>
    </groups>
    <test started-at="2023-07-28T09:08:38Z" name="Default test" finished-at="2023-07-28T09:08:43Z" duration-ms="5666">
      <class name="com.qa.automation.qdms.base.DriverIntialization">
        <test-method signature="main()[pri:0, instance:com.qa.automation.qdms.base.DriverIntialization@543e593]" started-at="2023-07-28T09:08:38Z" name="main" finished-at="2023-07-28T09:08:43Z" duration-ms="5592" status="PASS">
          <reporter-output>
          </reporter-output>
        </test-method> <!-- main -->
        <test-method is-config="true" signature="closeChrome()[pri:0, instance:com.qa.automation.qdms.base.DriverIntialization@543e593]" started-at="2023-07-28T09:08:44Z" name="closeChrome" finished-at="2023-07-28T09:08:44Z" duration-ms="3" status="PASS">
          <reporter-output>
          </reporter-output>
        </test-method> <!-- closeChrome -->
      </class> <!-- com.qa.automation.qdms.base.DriverIntialization -->
    </test> <!-- Default test -->
  </suite> <!-- Default suite -->
</testng-results>
